2021/11/17 21:49:49 [error] [exception.CHttpException.404] CHttpException: The system is unable to find the requested action "contacthtml". in C:\xampp\htdocs\yii\framework\web\CController.php:486
Stack trace:
#0 C:\xampp\htdocs\yii\framework\web\CController.php(270): CController->missingAction('contacthtml')
#1 C:\xampp\htdocs\yii\framework\web\CWebApplication.php(282): CController->run('contacthtml')
#2 C:\xampp\htdocs\yii\framework\web\CWebApplication.php(141): CWebApplication->runController('site/contacthtm...')
#3 C:\xampp\htdocs\yii\framework\base\CApplication.php(185): CWebApplication->processRequest()
#4 C:\xampp\htdocs\tutorial\index.php(13): CApplication->run()
#5 {main}
REQUEST_URI=/tutorial/site/contacthtml
HTTP_REFERER=http://localhost/tutorial/site/indexhtml
---
2021/11/17 21:49:51 [error] [exception.CHttpException.404] CHttpException: The system is unable to find the requested action "indexhtml". in C:\xampp\htdocs\yii\framework\web\CController.php:486
Stack trace:
#0 C:\xampp\htdocs\yii\framework\web\CController.php(270): CController->missingAction('indexhtml')
#1 C:\xampp\htdocs\yii\framework\web\CWebApplication.php(282): CController->run('indexhtml')
#2 C:\xampp\htdocs\yii\framework\web\CWebApplication.php(141): CWebApplication->runController('site/indexhtml')
#3 C:\xampp\htdocs\yii\framework\base\CApplication.php(185): CWebApplication->processRequest()
#4 C:\xampp\htdocs\tutorial\index.php(13): CApplication->run()
#5 {main}
REQUEST_URI=/tutorial/site/indexhtml
HTTP_REFERER=http://localhost/tutorial/site/contacthtml
---
2021/11/17 21:49:52 [error] [exception.CHttpException.404] CHttpException: The system is unable to find the requested action "pagehtml". in C:\xampp\htdocs\yii\framework\web\CController.php:486
Stack trace:
#0 C:\xampp\htdocs\yii\framework\web\CController.php(270): CController->missingAction('pagehtml')
#1 C:\xampp\htdocs\yii\framework\web\CWebApplication.php(282): CController->run('pagehtml')
#2 C:\xampp\htdocs\yii\framework\web\CWebApplication.php(141): CWebApplication->runController('site/pagehtml')
#3 C:\xampp\htdocs\yii\framework\base\CApplication.php(185): CWebApplication->processRequest()
#4 C:\xampp\htdocs\tutorial\index.php(13): CApplication->run()
#5 {main}
REQUEST_URI=/tutorial/site/pagehtml?view=about
HTTP_REFERER=http://localhost/tutorial/site/loginhtml
---
2021/11/17 21:49:53 [error] [exception.CHttpException.404] CHttpException: The system is unable to find the requested action "loginhtml". in C:\xampp\htdocs\yii\framework\web\CController.php:486
Stack trace:
#0 C:\xampp\htdocs\yii\framework\web\CController.php(270): CController->missingAction('loginhtml')
#1 C:\xampp\htdocs\yii\framework\web\CWebApplication.php(282): CController->run('loginhtml')
#2 C:\xampp\htdocs\yii\framework\web\CWebApplication.php(141): CWebApplication->runController('site/loginhtml')
#3 C:\xampp\htdocs\yii\framework\base\CApplication.php(185): CWebApplication->processRequest()
#4 C:\xampp\htdocs\tutorial\index.php(13): CApplication->run()
#5 {main}
REQUEST_URI=/tutorial/site/loginhtml
HTTP_REFERER=http://localhost/tutorial/site/contacthtml
---
2021/11/17 21:50:13 [error] [exception.CHttpException.404] CHttpException: The system is unable to find the requested action "hi". in C:\xampp\htdocs\yii\framework\web\CController.php:486
Stack trace:
#0 C:\xampp\htdocs\yii\framework\web\CController.php(270): CController->missingAction('hi')
#1 C:\xampp\htdocs\yii\framework\web\CWebApplication.php(282): CController->run('hi')
#2 C:\xampp\htdocs\yii\framework\web\CWebApplication.php(141): CWebApplication->runController('site/hi')
#3 C:\xampp\htdocs\yii\framework\base\CApplication.php(185): CWebApplication->processRequest()
#4 C:\xampp\htdocs\tutorial\index.php(13): CApplication->run()
#5 {main}
REQUEST_URI=/tutorial/index.php/site/hi
---
2021/11/17 22:13:18 [error] [exception.TypeError] TypeError: reset(): Argument #1 ($array) must be of type array, int given in C:\xampp\htdocs\yii\framework\gii\components\Pear\Text\Diff\Engine\native.php:196
Stack trace:
#0 C:\xampp\htdocs\yii\framework\gii\components\Pear\Text\Diff\Engine\native.php(196): reset(20)
#1 C:\xampp\htdocs\yii\framework\gii\components\Pear\Text\Diff\Engine\native.php(299): Text_Diff_Engine_native->_diag(2, 7, 2, 23, 6)
#2 C:\xampp\htdocs\yii\framework\gii\components\Pear\Text\Diff\Engine\native.php(88): Text_Diff_Engine_native->_compareseq(2, 7, 2, 23)
#3 C:\xampp\htdocs\yii\framework\gii\components\Pear\Text\Diff.php(56): Text_Diff_Engine_native->diff(Array, Array)
#4 C:\xampp\htdocs\yii\framework\gii\components\TextDiff.php(18): Text_Diff->__construct('native', Array)
#5 C:\xampp\htdocs\yii\framework\gii\CCodeGenerator.php(109): TextDiff::compare(Array, Array)
#6 C:\xampp\htdocs\yii\framework\web\actions\CInlineAction.php(49): CCodeGenerator->actionDiff()
#7 C:\xampp\htdocs\yii\framework\web\CController.php(308): CInlineAction->runWithParams(Array)
#8 C:\xampp\htdocs\yii\framework\web\CController.php(286): CController->runAction(Object(CInlineAction))
#9 C:\xampp\htdocs\yii\framework\web\CController.php(265): CController->runActionWithFilters(Object(CInlineAction), Array)
#10 C:\xampp\htdocs\yii\framework\web\CWebApplication.php(282): CController->run('diff')
#11 C:\xampp\htdocs\yii\framework\web\CWebApplication.php(141): CWebApplication->runController('gii/model/diff/...')
#12 C:\xampp\htdocs\yii\framework\base\CApplication.php(185): CWebApplication->processRequest()
#13 C:\xampp\htdocs\tutorial\index.php(13): CApplication->run()
#14 {main}
REQUEST_URI=/tutorial/gii/model/diff/id/0
HTTP_REFERER=http://localhost/tutorial/gii/model/index
---
2021/11/17 22:16:13 [error] [exception.CHttpException.404] CHttpException: Unable to resolve the request "admin/users". in C:\xampp\htdocs\yii\framework\web\CWebApplication.php:286
Stack trace:
#0 C:\xampp\htdocs\yii\framework\web\CWebApplication.php(141): CWebApplication->runController('admin/users')
#1 C:\xampp\htdocs\yii\framework\base\CApplication.php(185): CWebApplication->processRequest()
#2 C:\xampp\htdocs\tutorial\index.php(13): CApplication->run()
#3 {main}
REQUEST_URI=/tutorial/admin/users
---
2021/11/17 23:04:04 [error] [exception.CException] CException: Property "CWebApplication.pageTitle" is not defined. in C:\xampp\htdocs\yii\framework\base\CComponent.php:130
Stack trace:
#0 C:\xampp\htdocs\yii\framework\base\CModule.php(105): CComponent->__get('pageTitle')
#1 C:\xampp\htdocs\tutorial\themes\classic\views\layouts\main.php(15): CModule->__get('pageTitle')
#2 C:\xampp\htdocs\yii\framework\web\CBaseController.php(126): require('C:\\xampp\\htdocs...')
#3 C:\xampp\htdocs\yii\framework\web\CBaseController.php(95): CBaseController->renderInternal('C:\\xampp\\htdocs...', Array, true)
#4 C:\xampp\htdocs\yii\framework\web\widgets\CContentDecorator.php(76): CBaseController->renderFile('C:\\xampp\\htdocs...', Array, true)
#5 C:\xampp\htdocs\yii\framework\web\widgets\CContentDecorator.php(54): CContentDecorator->decorate('<div id="conten...')
#6 C:\xampp\htdocs\yii\framework\web\widgets\COutputProcessor.php(44): CContentDecorator->processOutput('<div id="conten...')
#7 C:\xampp\htdocs\yii\framework\web\CBaseController.php(215): COutputProcessor->run()
#8 C:\xampp\htdocs\yii\framework\web\CBaseController.php(309): CBaseController->endWidget('CContentDecorat...')
#9 C:\xampp\htdocs\tutorial\protected\views\layouts\column1.php(6): CBaseController->endContent()
#10 C:\xampp\htdocs\yii\framework\web\CBaseController.php(126): require('C:\\xampp\\htdocs...')
#11 C:\xampp\htdocs\yii\framework\web\CBaseController.php(95): CBaseController->renderInternal('C:\\xampp\\htdocs...', Array, true)
#12 C:\xampp\htdocs\yii\framework\web\CController.php(787): CBaseController->renderFile('C:\\xampp\\htdocs...', Array, true)
#13 C:\xampp\htdocs\tutorial\protected\controllers\SiteController.php(32): CController->render('index')
#14 C:\xampp\htdocs\yii\framework\web\actions\CInlineAction.php(49): SiteController->actionIndex()
#15 C:\xampp\htdocs\yii\framework\web\CController.php(308): CInlineAction->runWithParams(Array)
#16 C:\xampp\htdocs\yii\framework\web\CController.php(286): CController->runAction(Object(CInlineAction))
#17 C:\xampp\htdocs\yii\framework\web\CController.php(265): CController->runActionWithFilters(Object(CInlineAction), Array)
#18 C:\xampp\htdocs\yii\framework\web\CWebApplication.php(282): CController->run('index')
#19 C:\xampp\htdocs\yii\framework\web\CWebApplication.php(141): CWebApplication->runController('site/index')
#20 C:\xampp\htdocs\yii\framework\base\CApplication.php(185): CWebApplication->processRequest()
#21 C:\xampp\htdocs\tutorial\index.php(13): CApplication->run()
#22 {main}
REQUEST_URI=/tutorial/site/index
HTTP_REFERER=http://localhost/tutorial/users/admin
---
2021/11/17 23:04:05 [error] [exception.CException] CException: Property "CWebApplication.pageTitle" is not defined. in C:\xampp\htdocs\yii\framework\base\CComponent.php:130
Stack trace:
#0 C:\xampp\htdocs\yii\framework\base\CModule.php(105): CComponent->__get('pageTitle')
#1 C:\xampp\htdocs\tutorial\themes\classic\views\layouts\main.php(15): CModule->__get('pageTitle')
#2 C:\xampp\htdocs\yii\framework\web\CBaseController.php(126): require('C:\\xampp\\htdocs...')
#3 C:\xampp\htdocs\yii\framework\web\CBaseController.php(95): CBaseController->renderInternal('C:\\xampp\\htdocs...', Array, true)
#4 C:\xampp\htdocs\yii\framework\web\widgets\CContentDecorator.php(76): CBaseController->renderFile('C:\\xampp\\htdocs...', Array, true)
#5 C:\xampp\htdocs\yii\framework\web\widgets\CContentDecorator.php(54): CContentDecorator->decorate('<div id="conten...')
#6 C:\xampp\htdocs\yii\framework\web\widgets\COutputProcessor.php(44): CContentDecorator->processOutput('<div id="conten...')
#7 C:\xampp\htdocs\yii\framework\web\CBaseController.php(215): COutputProcessor->run()
#8 C:\xampp\htdocs\yii\framework\web\CBaseController.php(309): CBaseController->endWidget('CContentDecorat...')
#9 C:\xampp\htdocs\tutorial\protected\views\layouts\column1.php(6): CBaseController->endContent()
#10 C:\xampp\htdocs\yii\framework\web\CBaseController.php(126): require('C:\\xampp\\htdocs...')
#11 C:\xampp\htdocs\yii\framework\web\CBaseController.php(95): CBaseController->renderInternal('C:\\xampp\\htdocs...', Array, true)
#12 C:\xampp\htdocs\yii\framework\web\CController.php(787): CBaseController->renderFile('C:\\xampp\\htdocs...', Array, true)
#13 C:\xampp\htdocs\tutorial\protected\controllers\SiteController.php(32): CController->render('index')
#14 C:\xampp\htdocs\yii\framework\web\actions\CInlineAction.php(49): SiteController->actionIndex()
#15 C:\xampp\htdocs\yii\framework\web\CController.php(308): CInlineAction->runWithParams(Array)
#16 C:\xampp\htdocs\yii\framework\web\CController.php(286): CController->runAction(Object(CInlineAction))
#17 C:\xampp\htdocs\yii\framework\web\CController.php(265): CController->runActionWithFilters(Object(CInlineAction), Array)
#18 C:\xampp\htdocs\yii\framework\web\CWebApplication.php(282): CController->run('index')
#19 C:\xampp\htdocs\yii\framework\web\CWebApplication.php(141): CWebApplication->runController('site/index')
#20 C:\xampp\htdocs\yii\framework\base\CApplication.php(185): CWebApplication->processRequest()
#21 C:\xampp\htdocs\tutorial\index.php(13): CApplication->run()
#22 {main}
REQUEST_URI=/tutorial/site/index
HTTP_REFERER=http://localhost/tutorial/users/admin
---
2021/11/17 23:08:37 [error] [exception.CException] CException: Property "CWebApplication.pageTitle" is not defined. in C:\xampp\htdocs\yii\framework\base\CComponent.php:130
Stack trace:
#0 C:\xampp\htdocs\yii\framework\base\CModule.php(105): CComponent->__get('pageTitle')
#1 C:\xampp\htdocs\tutorial\themes\classic\views\layouts\main.php(15): CModule->__get('pageTitle')
#2 C:\xampp\htdocs\yii\framework\web\CBaseController.php(126): require('C:\\xampp\\htdocs...')
#3 C:\xampp\htdocs\yii\framework\web\CBaseController.php(95): CBaseController->renderInternal('C:\\xampp\\htdocs...', Array, true)
#4 C:\xampp\htdocs\yii\framework\web\widgets\CContentDecorator.php(76): CBaseController->renderFile('C:\\xampp\\htdocs...', Array, true)
#5 C:\xampp\htdocs\yii\framework\web\widgets\CContentDecorator.php(54): CContentDecorator->decorate('<div id="conten...')
#6 C:\xampp\htdocs\yii\framework\web\widgets\COutputProcessor.php(44): CContentDecorator->processOutput('<div id="conten...')
#7 C:\xampp\htdocs\yii\framework\web\CBaseController.php(215): COutputProcessor->run()
#8 C:\xampp\htdocs\yii\framework\web\CBaseController.php(309): CBaseController->endWidget('CContentDecorat...')
#9 C:\xampp\htdocs\tutorial\protected\views\layouts\column1.php(6): CBaseController->endContent()
#10 C:\xampp\htdocs\yii\framework\web\CBaseController.php(126): require('C:\\xampp\\htdocs...')
#11 C:\xampp\htdocs\yii\framework\web\CBaseController.php(95): CBaseController->renderInternal('C:\\xampp\\htdocs...', Array, true)
#12 C:\xampp\htdocs\yii\framework\web\CController.php(787): CBaseController->renderFile('C:\\xampp\\htdocs...', Array, true)
#13 C:\xampp\htdocs\tutorial\protected\controllers\SiteController.php(32): CController->render('index')
#14 C:\xampp\htdocs\yii\framework\web\actions\CInlineAction.php(49): SiteController->actionIndex()
#15 C:\xampp\htdocs\yii\framework\web\CController.php(308): CInlineAction->runWithParams(Array)
#16 C:\xampp\htdocs\yii\framework\web\CController.php(286): CController->runAction(Object(CInlineAction))
#17 C:\xampp\htdocs\yii\framework\web\CController.php(265): CController->runActionWithFilters(Object(CInlineAction), Array)
#18 C:\xampp\htdocs\yii\framework\web\CWebApplication.php(282): CController->run('index')
#19 C:\xampp\htdocs\yii\framework\web\CWebApplication.php(141): CWebApplication->runController('site/index')
#20 C:\xampp\htdocs\yii\framework\base\CApplication.php(185): CWebApplication->processRequest()
#21 C:\xampp\htdocs\tutorial\index.php(13): CApplication->run()
#22 {main}
REQUEST_URI=/tutorial/site/index
HTTP_REFERER=http://localhost/tutorial/users/admin
---
2021/11/17 23:08:39 [error] [exception.CException] CException: Property "CWebApplication.pageTitle" is not defined. in C:\xampp\htdocs\yii\framework\base\CComponent.php:130
Stack trace:
#0 C:\xampp\htdocs\yii\framework\base\CModule.php(105): CComponent->__get('pageTitle')
#1 C:\xampp\htdocs\tutorial\themes\classic\views\layouts\main.php(15): CModule->__get('pageTitle')
#2 C:\xampp\htdocs\yii\framework\web\CBaseController.php(126): require('C:\\xampp\\htdocs...')
#3 C:\xampp\htdocs\yii\framework\web\CBaseController.php(95): CBaseController->renderInternal('C:\\xampp\\htdocs...', Array, true)
#4 C:\xampp\htdocs\yii\framework\web\widgets\CContentDecorator.php(76): CBaseController->renderFile('C:\\xampp\\htdocs...', Array, true)
#5 C:\xampp\htdocs\yii\framework\web\widgets\CContentDecorator.php(54): CContentDecorator->decorate('<div class="spa...')
#6 C:\xampp\htdocs\yii\framework\web\widgets\COutputProcessor.php(44): CContentDecorator->processOutput('<div class="spa...')
#7 C:\xampp\htdocs\yii\framework\web\CBaseController.php(215): COutputProcessor->run()
#8 C:\xampp\htdocs\yii\framework\web\CBaseController.php(309): CBaseController->endWidget('CContentDecorat...')
#9 C:\xampp\htdocs\tutorial\protected\views\layouts\column2.php(22): CBaseController->endContent()
#10 C:\xampp\htdocs\yii\framework\web\CBaseController.php(126): require('C:\\xampp\\htdocs...')
#11 C:\xampp\htdocs\yii\framework\web\CBaseController.php(95): CBaseController->renderInternal('C:\\xampp\\htdocs...', Array, true)
#12 C:\xampp\htdocs\yii\framework\web\CController.php(787): CBaseController->renderFile('C:\\xampp\\htdocs...', Array, true)
#13 C:\xampp\htdocs\tutorial\protected\controllers\UsersController.php(142): CController->render('admin', Array)
#14 C:\xampp\htdocs\yii\framework\web\actions\CInlineAction.php(49): UsersController->actionAdmin()
#15 C:\xampp\htdocs\yii\framework\web\CController.php(308): CInlineAction->runWithParams(Array)
#16 C:\xampp\htdocs\yii\framework\web\filters\CFilterChain.php(134): CController->runAction(Object(CInlineAction))
#17 C:\xampp\htdocs\yii\framework\web\filters\CFilter.php(40): CFilterChain->run()
#18 C:\xampp\htdocs\yii\framework\web\CController.php(1148): CFilter->filter(Object(CFilterChain))
#19 C:\xampp\htdocs\yii\framework\web\filters\CInlineFilter.php(58): CController->filterAccessControl(Object(CFilterChain))
#20 C:\xampp\htdocs\yii\framework\web\filters\CFilterChain.php(131): CInlineFilter->filter(Object(CFilterChain))
#21 C:\xampp\htdocs\yii\framework\web\CController.php(291): CFilterChain->run()
#22 C:\xampp\htdocs\yii\framework\web\CController.php(265): CController->runActionWithFilters(Object(CInlineAction), Array)
#23 C:\xampp\htdocs\yii\framework\web\CWebApplication.php(282): CController->run('admin')
#24 C:\xampp\htdocs\yii\framework\web\CWebApplication.php(141): CWebApplication->runController('users/admin')
#25 C:\xampp\htdocs\yii\framework\base\CApplication.php(185): CWebApplication->processRequest()
#26 C:\xampp\htdocs\tutorial\index.php(13): CApplication->run()
#27 {main}
REQUEST_URI=/tutorial/users/admin
HTTP_REFERER=http://localhost/tutorial/users
---
2021/11/17 23:08:40 [error] [exception.CException] CException: Property "CWebApplication.pageTitle" is not defined. in C:\xampp\htdocs\yii\framework\base\CComponent.php:130
Stack trace:
#0 C:\xampp\htdocs\yii\framework\base\CModule.php(105): CComponent->__get('pageTitle')
#1 C:\xampp\htdocs\tutorial\themes\classic\views\layouts\main.php(15): CModule->__get('pageTitle')
#2 C:\xampp\htdocs\yii\framework\web\CBaseController.php(126): require('C:\\xampp\\htdocs...')
#3 C:\xampp\htdocs\yii\framework\web\CBaseController.php(95): CBaseController->renderInternal('C:\\xampp\\htdocs...', Array, true)
#4 C:\xampp\htdocs\yii\framework\web\widgets\CContentDecorator.php(76): CBaseController->renderFile('C:\\xampp\\htdocs...', Array, true)
#5 C:\xampp\htdocs\yii\framework\web\widgets\CContentDecorator.php(54): CContentDecorator->decorate('<div class="spa...')
#6 C:\xampp\htdocs\yii\framework\web\widgets\COutputProcessor.php(44): CContentDecorator->processOutput('<div class="spa...')
#7 C:\xampp\htdocs\yii\framework\web\CBaseController.php(215): COutputProcessor->run()
#8 C:\xampp\htdocs\yii\framework\web\CBaseController.php(309): CBaseController->endWidget('CContentDecorat...')
#9 C:\xampp\htdocs\tutorial\protected\views\layouts\column2.php(22): CBaseController->endContent()
#10 C:\xampp\htdocs\yii\framework\web\CBaseController.php(126): require('C:\\xampp\\htdocs...')
#11 C:\xampp\htdocs\yii\framework\web\CBaseController.php(95): CBaseController->renderInternal('C:\\xampp\\htdocs...', Array, true)
#12 C:\xampp\htdocs\yii\framework\web\CController.php(787): CBaseController->renderFile('C:\\xampp\\htdocs...', Array, true)
#13 C:\xampp\htdocs\tutorial\protected\controllers\UsersController.php(127): CController->render('index', Array)
#14 C:\xampp\htdocs\yii\framework\web\actions\CInlineAction.php(49): UsersController->actionIndex()
#15 C:\xampp\htdocs\yii\framework\web\CController.php(308): CInlineAction->runWithParams(Array)
#16 C:\xampp\htdocs\yii\framework\web\filters\CFilterChain.php(134): CController->runAction(Object(CInlineAction))
#17 C:\xampp\htdocs\yii\framework\web\filters\CFilter.php(40): CFilterChain->run()
#18 C:\xampp\htdocs\yii\framework\web\CController.php(1148): CFilter->filter(Object(CFilterChain))
#19 C:\xampp\htdocs\yii\framework\web\filters\CInlineFilter.php(58): CController->filterAccessControl(Object(CFilterChain))
#20 C:\xampp\htdocs\yii\framework\web\filters\CFilterChain.php(131): CInlineFilter->filter(Object(CFilterChain))
#21 C:\xampp\htdocs\yii\framework\web\CController.php(291): CFilterChain->run()
#22 C:\xampp\htdocs\yii\framework\web\CController.php(265): CController->runActionWithFilters(Object(CInlineAction), Array)
#23 C:\xampp\htdocs\yii\framework\web\CWebApplication.php(282): CController->run('')
#24 C:\xampp\htdocs\yii\framework\web\CWebApplication.php(141): CWebApplication->runController('users')
#25 C:\xampp\htdocs\yii\framework\base\CApplication.php(185): CWebApplication->processRequest()
#26 C:\xampp\htdocs\tutorial\index.php(13): CApplication->run()
#27 {main}
REQUEST_URI=/tutorial/users
---
2021/11/17 23:09:14 [error] [exception.CException] CException: Property "CWebApplication.pageTitle" is not defined. in C:\xampp\htdocs\yii\framework\base\CComponent.php:130
Stack trace:
#0 C:\xampp\htdocs\yii\framework\base\CModule.php(105): CComponent->__get('pageTitle')
#1 C:\xampp\htdocs\tutorial\themes\classic\views\layouts\main.php(15): CModule->__get('pageTitle')
#2 C:\xampp\htdocs\yii\framework\web\CBaseController.php(126): require('C:\\xampp\\htdocs...')
#3 C:\xampp\htdocs\yii\framework\web\CBaseController.php(95): CBaseController->renderInternal('C:\\xampp\\htdocs...', Array, true)
#4 C:\xampp\htdocs\yii\framework\web\widgets\CContentDecorator.php(76): CBaseController->renderFile('C:\\xampp\\htdocs...', Array, true)
#5 C:\xampp\htdocs\yii\framework\web\widgets\CContentDecorator.php(54): CContentDecorator->decorate('<div class="spa...')
#6 C:\xampp\htdocs\yii\framework\web\widgets\COutputProcessor.php(44): CContentDecorator->processOutput('<div class="spa...')
#7 C:\xampp\htdocs\yii\framework\web\CBaseController.php(215): COutputProcessor->run()
#8 C:\xampp\htdocs\yii\framework\web\CBaseController.php(309): CBaseController->endWidget('CContentDecorat...')
#9 C:\xampp\htdocs\tutorial\protected\views\layouts\column2.php(22): CBaseController->endContent()
#10 C:\xampp\htdocs\yii\framework\web\CBaseController.php(126): require('C:\\xampp\\htdocs...')
#11 C:\xampp\htdocs\yii\framework\web\CBaseController.php(95): CBaseController->renderInternal('C:\\xampp\\htdocs...', Array, true)
#12 C:\xampp\htdocs\yii\framework\web\CController.php(787): CBaseController->renderFile('C:\\xampp\\htdocs...', Array, true)
#13 C:\xampp\htdocs\tutorial\protected\controllers\UsersController.php(127): CController->render('index', Array)
#14 C:\xampp\htdocs\yii\framework\web\actions\CInlineAction.php(49): UsersController->actionIndex()
#15 C:\xampp\htdocs\yii\framework\web\CController.php(308): CInlineAction->runWithParams(Array)
#16 C:\xampp\htdocs\yii\framework\web\filters\CFilterChain.php(134): CController->runAction(Object(CInlineAction))
#17 C:\xampp\htdocs\yii\framework\web\filters\CFilter.php(40): CFilterChain->run()
#18 C:\xampp\htdocs\yii\framework\web\CController.php(1148): CFilter->filter(Object(CFilterChain))
#19 C:\xampp\htdocs\yii\framework\web\filters\CInlineFilter.php(58): CController->filterAccessControl(Object(CFilterChain))
#20 C:\xampp\htdocs\yii\framework\web\filters\CFilterChain.php(131): CInlineFilter->filter(Object(CFilterChain))
#21 C:\xampp\htdocs\yii\framework\web\CController.php(291): CFilterChain->run()
#22 C:\xampp\htdocs\yii\framework\web\CController.php(265): CController->runActionWithFilters(Object(CInlineAction), Array)
#23 C:\xampp\htdocs\yii\framework\web\CWebApplication.php(282): CController->run('')
#24 C:\xampp\htdocs\yii\framework\web\CWebApplication.php(141): CWebApplication->runController('users')
#25 C:\xampp\htdocs\yii\framework\base\CApplication.php(185): CWebApplication->processRequest()
#26 C:\xampp\htdocs\tutorial\index.php(13): CApplication->run()
#27 {main}
REQUEST_URI=/tutorial/users
---
2021/11/17 23:10:29 [error] [exception.CHttpException.404] CHttpException: Unable to resolve the request "css/bootstrap.css". in C:\xampp\htdocs\yii\framework\web\CWebApplication.php:286
Stack trace:
#0 C:\xampp\htdocs\yii\framework\web\CWebApplication.php(141): CWebApplication->runController('css/bootstrap.c...')
#1 C:\xampp\htdocs\yii\framework\base\CApplication.php(185): CWebApplication->processRequest()
#2 C:\xampp\htdocs\tutorial\index.php(13): CApplication->run()
#3 {main}
REQUEST_URI=/tutorial/css/bootstrap.css
HTTP_REFERER=http://localhost/tutorial/users
---
2021/11/17 23:10:30 [error] [exception.CHttpException.404] CHttpException: Unable to resolve the request "css/bootstrap.css". in C:\xampp\htdocs\yii\framework\web\CWebApplication.php:286
Stack trace:
#0 C:\xampp\htdocs\yii\framework\web\CWebApplication.php(141): CWebApplication->runController('css/bootstrap.c...')
#1 C:\xampp\htdocs\yii\framework\base\CApplication.php(185): CWebApplication->processRequest()
#2 C:\xampp\htdocs\tutorial\index.php(13): CApplication->run()
#3 {main}
REQUEST_URI=/tutorial/css/bootstrap.css
HTTP_REFERER=http://localhost/tutorial/users
---
2021/11/17 23:10:30 [error] [exception.CHttpException.404] CHttpException: Unable to resolve the request "images/s-2.png". in C:\xampp\htdocs\yii\framework\web\CWebApplication.php:286
Stack trace:
#0 C:\xampp\htdocs\yii\framework\web\CWebApplication.php(141): CWebApplication->runController('images/s-2.png')
#1 C:\xampp\htdocs\yii\framework\base\CApplication.php(185): CWebApplication->processRequest()
#2 C:\xampp\htdocs\tutorial\index.php(13): CApplication->run()
#3 {main}
REQUEST_URI=/tutorial/images/s-2.png
HTTP_REFERER=http://localhost/tutorial/users
---
2021/11/17 23:10:30 [error] [exception.CHttpException.404] CHttpException: Unable to resolve the request "images/s-1.png". in C:\xampp\htdocs\yii\framework\web\CWebApplication.php:286
Stack trace:
#0 C:\xampp\htdocs\yii\framework\web\CWebApplication.php(141): CWebApplication->runController('images/s-1.png')
#1 C:\xampp\htdocs\yii\framework\base\CApplication.php(185): CWebApplication->processRequest()
#2 C:\xampp\htdocs\tutorial\index.php(13): CApplication->run()
#3 {main}
REQUEST_URI=/tutorial/images/s-1.png
HTTP_REFERER=http://localhost/tutorial/users
---
2021/11/17 23:10:30 [error] [exception.CHttpException.404] CHttpException: Unable to resolve the request "images/user.png". in C:\xampp\htdocs\yii\framework\web\CWebApplication.php:286
Stack trace:
#0 C:\xampp\htdocs\yii\framework\web\CWebApplication.php(141): CWebApplication->runController('images/user.png')
#1 C:\xampp\htdocs\yii\framework\base\CApplication.php(185): CWebApplication->processRequest()
#2 C:\xampp\htdocs\tutorial\index.php(13): CApplication->run()
#3 {main}
REQUEST_URI=/tutorial/images/user.png
HTTP_REFERER=http://localhost/tutorial/users
---
2021/11/17 23:10:30 [error] [exception.CHttpException.404] CHttpException: Unable to resolve the request "images/do-img1.jpg". in C:\xampp\htdocs\yii\framework\web\CWebApplication.php:286
Stack trace:
#0 C:\xampp\htdocs\yii\framework\web\CWebApplication.php(141): CWebApplication->runController('images/do-img1....')
#1 C:\xampp\htdocs\yii\framework\base\CApplication.php(185): CWebApplication->processRequest()
#2 C:\xampp\htdocs\tutorial\index.php(13): CApplication->run()
#3 {main}
REQUEST_URI=/tutorial/images/do-img1.jpg
HTTP_REFERER=http://localhost/tutorial/users
---
2021/11/17 23:10:30 [error] [exception.CHttpException.404] CHttpException: Unable to resolve the request "images/do-img2.jpg". in C:\xampp\htdocs\yii\framework\web\CWebApplication.php:286
Stack trace:
#0 C:\xampp\htdocs\yii\framework\web\CWebApplication.php(141): CWebApplication->runController('images/do-img2....')
#1 C:\xampp\htdocs\yii\framework\base\CApplication.php(185): CWebApplication->processRequest()
#2 C:\xampp\htdocs\tutorial\index.php(13): CApplication->run()
#3 {main}
REQUEST_URI=/tutorial/images/do-img2.jpg
HTTP_REFERER=http://localhost/tutorial/users
---
2021/11/17 23:10:30 [error] [exception.CHttpException.404] CHttpException: Unable to resolve the request "images/s-3.png". in C:\xampp\htdocs\yii\framework\web\CWebApplication.php:286
Stack trace:
#0 C:\xampp\htdocs\yii\framework\web\CWebApplication.php(141): CWebApplication->runController('images/s-3.png')
#1 C:\xampp\htdocs\yii\framework\base\CApplication.php(185): CWebApplication->processRequest()
#2 C:\xampp\htdocs\tutorial\index.php(13): CApplication->run()
#3 {main}
REQUEST_URI=/tutorial/images/s-3.png
HTTP_REFERER=http://localhost/tutorial/users
---
2021/11/17 23:10:30 [error] [exception.CHttpException.404] CHttpException: Unable to resolve the request "images/do-img3.jpg". in C:\xampp\htdocs\yii\framework\web\CWebApplication.php:286
Stack trace:
#0 C:\xampp\htdocs\yii\framework\web\CWebApplication.php(141): CWebApplication->runController('images/do-img3....')
#1 C:\xampp\htdocs\yii\framework\base\CApplication.php(185): CWebApplication->processRequest()
#2 C:\xampp\htdocs\tutorial\index.php(13): CApplication->run()
#3 {main}
REQUEST_URI=/tutorial/images/do-img3.jpg
HTTP_REFERER=http://localhost/tutorial/users
---
2021/11/17 23:10:30 [error] [exception.CHttpException.404] CHttpException: Unable to resolve the request "images/t-2.jpg". in C:\xampp\htdocs\yii\framework\web\CWebApplication.php:286
Stack trace:
#0 C:\xampp\htdocs\yii\framework\web\CWebApplication.php(141): CWebApplication->runController('images/t-2.jpg')
#1 C:\xampp\htdocs\yii\framework\base\CApplication.php(185): CWebApplication->processRequest()
#2 C:\xampp\htdocs\tutorial\index.php(13): CApplication->run()
#3 {main}
REQUEST_URI=/tutorial/images/t-2.jpg
HTTP_REFERER=http://localhost/tutorial/users
---
2021/11/17 23:10:30 [error] [exception.CHttpException.404] CHttpException: Unable to resolve the request "images/t-1.jpg". in C:\xampp\htdocs\yii\framework\web\CWebApplication.php:286
Stack trace:
#0 C:\xampp\htdocs\yii\framework\web\CWebApplication.php(141): CWebApplication->runController('images/t-1.jpg')
#1 C:\xampp\htdocs\yii\framework\base\CApplication.php(185): CWebApplication->processRequest()
#2 C:\xampp\htdocs\tutorial\index.php(13): CApplication->run()
#3 {main}
REQUEST_URI=/tutorial/images/t-1.jpg
HTTP_REFERER=http://localhost/tutorial/users
---
2021/11/17 23:10:30 [error] [exception.CHttpException.404] CHttpException: Unable to resolve the request "images/t-3.jpg". in C:\xampp\htdocs\yii\framework\web\CWebApplication.php:286
Stack trace:
#0 C:\xampp\htdocs\yii\framework\web\CWebApplication.php(141): CWebApplication->runController('images/t-3.jpg')
#1 C:\xampp\htdocs\yii\framework\base\CApplication.php(185): CWebApplication->processRequest()
#2 C:\xampp\htdocs\tutorial\index.php(13): CApplication->run()
#3 {main}
REQUEST_URI=/tutorial/images/t-3.jpg
HTTP_REFERER=http://localhost/tutorial/users
---
2021/11/17 23:10:30 [error] [exception.CHttpException.404] CHttpException: Unable to resolve the request "images/t-4.jpg". in C:\xampp\htdocs\yii\framework\web\CWebApplication.php:286
Stack trace:
#0 C:\xampp\htdocs\yii\framework\web\CWebApplication.php(141): CWebApplication->runController('images/t-4.jpg')
#1 C:\xampp\htdocs\yii\framework\base\CApplication.php(185): CWebApplication->processRequest()
#2 C:\xampp\htdocs\tutorial\index.php(13): CApplication->run()
#3 {main}
REQUEST_URI=/tutorial/images/t-4.jpg
HTTP_REFERER=http://localhost/tutorial/users
---
2021/11/17 23:10:30 [error] [exception.CHttpException.404] CHttpException: Unable to resolve the request "images/fb.png". in C:\xampp\htdocs\yii\framework\web\CWebApplication.php:286
Stack trace:
#0 C:\xampp\htdocs\yii\framework\web\CWebApplication.php(141): CWebApplication->runController('images/fb.png')
#1 C:\xampp\htdocs\yii\framework\base\CApplication.php(185): CWebApplication->processRequest()
#2 C:\xampp\htdocs\tutorial\index.php(13): CApplication->run()
#3 {main}
REQUEST_URI=/tutorial/images/fb.png
HTTP_REFERER=http://localhost/tutorial/users
---
2021/11/17 23:10:30 [error] [exception.CHttpException.404] CHttpException: Unable to resolve the request "images/twitter.png". in C:\xampp\htdocs\yii\framework\web\CWebApplication.php:286
Stack trace:
#0 C:\xampp\htdocs\yii\framework\web\CWebApplication.php(141): CWebApplication->runController('images/twitter....')
#1 C:\xampp\htdocs\yii\framework\base\CApplication.php(185): CWebApplication->processRequest()
#2 C:\xampp\htdocs\tutorial\index.php(13): CApplication->run()
#3 {main}
REQUEST_URI=/tutorial/images/twitter.png
HTTP_REFERER=http://localhost/tutorial/users
---
2021/11/17 23:10:30 [error] [exception.CHttpException.404] CHttpException: Unable to resolve the request "images/linkedin.png". in C:\xampp\htdocs\yii\framework\web\CWebApplication.php:286
Stack trace:
#0 C:\xampp\htdocs\yii\framework\web\CWebApplication.php(141): CWebApplication->runController('images/linkedin...')
#1 C:\xampp\htdocs\yii\framework\base\CApplication.php(185): CWebApplication->processRequest()
#2 C:\xampp\htdocs\tutorial\index.php(13): CApplication->run()
#3 {main}
REQUEST_URI=/tutorial/images/linkedin.png
HTTP_REFERER=http://localhost/tutorial/users
---
2021/11/17 23:10:30 [error] [exception.CHttpException.404] CHttpException: Unable to resolve the request "images/instagram.png". in C:\xampp\htdocs\yii\framework\web\CWebApplication.php:286
Stack trace:
#0 C:\xampp\htdocs\yii\framework\web\CWebApplication.php(141): CWebApplication->runController('images/instagra...')
#1 C:\xampp\htdocs\yii\framework\base\CApplication.php(185): CWebApplication->processRequest()
#2 C:\xampp\htdocs\tutorial\index.php(13): CApplication->run()
#3 {main}
REQUEST_URI=/tutorial/images/instagram.png
HTTP_REFERER=http://localhost/tutorial/users
---
2021/11/17 23:10:30 [error] [exception.CHttpException.404] CHttpException: Unable to resolve the request "images/youtube.png". in C:\xampp\htdocs\yii\framework\web\CWebApplication.php:286
Stack trace:
#0 C:\xampp\htdocs\yii\framework\web\CWebApplication.php(141): CWebApplication->runController('images/youtube....')
#1 C:\xampp\htdocs\yii\framework\base\CApplication.php(185): CWebApplication->processRequest()
#2 C:\xampp\htdocs\tutorial\index.php(13): CApplication->run()
#3 {main}
REQUEST_URI=/tutorial/images/youtube.png
HTTP_REFERER=http://localhost/tutorial/users
---
2021/11/17 23:10:30 [error] [exception.CHttpException.404] CHttpException: Unable to resolve the request "images/call.png". in C:\xampp\htdocs\yii\framework\web\CWebApplication.php:286
Stack trace:
#0 C:\xampp\htdocs\yii\framework\web\CWebApplication.php(141): CWebApplication->runController('images/call.png')
#1 C:\xampp\htdocs\yii\framework\base\CApplication.php(185): CWebApplication->processRequest()
#2 C:\xampp\htdocs\tutorial\index.php(13): CApplication->run()
#3 {main}
REQUEST_URI=/tutorial/images/call.png
HTTP_REFERER=http://localhost/tutorial/users
---
2021/11/17 23:10:30 [error] [exception.CHttpException.404] CHttpException: Unable to resolve the request "images/location.png". in C:\xampp\htdocs\yii\framework\web\CWebApplication.php:286
Stack trace:
#0 C:\xampp\htdocs\yii\framework\web\CWebApplication.php(141): CWebApplication->runController('images/location...')
#1 C:\xampp\htdocs\yii\framework\base\CApplication.php(185): CWebApplication->processRequest()
#2 C:\xampp\htdocs\tutorial\index.php(13): CApplication->run()
#3 {main}
REQUEST_URI=/tutorial/images/location.png
HTTP_REFERER=http://localhost/tutorial/users
---
2021/11/17 23:10:30 [error] [exception.CHttpException.404] CHttpException: Unable to resolve the request "images/mail.png". in C:\xampp\htdocs\yii\framework\web\CWebApplication.php:286
Stack trace:
#0 C:\xampp\htdocs\yii\framework\web\CWebApplication.php(141): CWebApplication->runController('images/mail.png')
#1 C:\xampp\htdocs\yii\framework\base\CApplication.php(185): CWebApplication->processRequest()
#2 C:\xampp\htdocs\tutorial\index.php(13): CApplication->run()
#3 {main}
REQUEST_URI=/tutorial/images/mail.png
HTTP_REFERER=http://localhost/tutorial/users
---
